<?xml version="1.0" encoding="UTF-8"?>
<coverage generated="1685443202103" clover="3.2.0">
  <project timestamp="1685443202103" name="All files">
    <metrics statements="74" coveredstatements="63" conditionals="39" coveredconditionals="32" methods="16" coveredmethods="14" elements="129" coveredelements="109" complexity="0" loc="74" ncloc="74" packages="1" files="4" classes="4"/>
    <file name="InMemoryDb.ts" path="/home/nerfzael/dev/web3api/repos/wrappers-io/serverless/http-gateway/typescript/functions/gateway/src/InMemoryDb.ts">
      <metrics statements="11" coveredstatements="10" conditionals="3" coveredconditionals="2" methods="3" coveredmethods="3"/>
      <line num="3" count="1" type="stmt"/>
      <line num="4" count="5" type="stmt"/>
      <line num="11" count="5" type="cond" truecount="1" falsecount="0"/>
      <line num="12" count="4" type="stmt"/>
      <line num="15" count="5" type="stmt"/>
      <line num="22" count="8" type="cond" truecount="1" falsecount="0"/>
      <line num="23" count="3" type="stmt"/>
      <line num="26" count="5" type="stmt"/>
      <line num="28" count="5" type="cond" truecount="0" falsecount="1"/>
      <line num="29" count="0" type="stmt"/>
      <line num="32" count="5" type="stmt"/>
    </file>
    <file name="InternalServer.ts" path="/home/nerfzael/dev/web3api/repos/wrappers-io/serverless/http-gateway/typescript/functions/gateway/src/InternalServer.ts">
      <metrics statements="23" coveredstatements="23" conditionals="19" coveredconditionals="17" methods="3" coveredmethods="3"/>
      <line num="2" count="1" type="stmt"/>
      <line num="4" count="1" type="stmt"/>
      <line num="6" count="1" type="stmt"/>
      <line num="7" count="5" type="stmt"/>
      <line num="15" count="3" type="cond" truecount="1" falsecount="1"/>
      <line num="19" count="3" type="stmt"/>
      <line num="21" count="3" type="stmt"/>
      <line num="23" count="3" type="cond" truecount="1" falsecount="0"/>
      <line num="24" count="2" type="stmt"/>
      <line num="27" count="3" type="stmt"/>
      <line num="29" count="3" type="stmt"/>
      <line num="31" count="3" type="stmt"/>
      <line num="39" count="3" type="stmt"/>
      <line num="41" count="3" type="cond" truecount="4" falsecount="0"/>
      <line num="43" count="3" type="stmt"/>
      <line num="45" count="3" type="cond" truecount="4" falsecount="0"/>
      <line num="46" count="1" type="cond" truecount="3" falsecount="1"/>
      <line num="47" count="2" type="cond" truecount="3" falsecount="0"/>
      <line num="48" count="1" type="stmt"/>
      <line num="49" count="1" type="stmt"/>
      <line num="52" count="3" type="cond" truecount="1" falsecount="0"/>
      <line num="53" count="1" type="stmt"/>
      <line num="57" count="2" type="stmt"/>
    </file>
    <file name="Status.ts" path="/home/nerfzael/dev/web3api/repos/wrappers-io/serverless/http-gateway/typescript/functions/gateway/src/Status.ts">
      <metrics statements="4" coveredstatements="2" conditionals="0" coveredconditionals="0" methods="3" coveredmethods="1"/>
      <line num="2" count="1" type="stmt"/>
      <line num="4" count="5" type="stmt"/>
      <line num="11" count="0" type="stmt"/>
      <line num="18" count="0" type="stmt"/>
    </file>
    <file name="semver.ts" path="/home/nerfzael/dev/web3api/repos/wrappers-io/serverless/http-gateway/typescript/functions/gateway/src/semver.ts">
      <metrics statements="36" coveredstatements="28" conditionals="17" coveredconditionals="13" methods="7" coveredmethods="7"/>
      <line num="8" count="49" type="stmt"/>
      <line num="9" count="49" type="cond" truecount="1" falsecount="0"/>
      <line num="10" count="2" type="stmt"/>
      <line num="12" count="47" type="cond" truecount="2" falsecount="0"/>
      <line num="13" count="47" type="stmt"/>
      <line num="23" count="15" type="stmt"/>
      <line num="24" count="25" type="cond" truecount="1" falsecount="0"/>
      <line num="25" count="15" type="stmt"/>
      <line num="28" count="0" type="cond" truecount="0" falsecount="1"/>
      <line num="29" count="0" type="stmt"/>
      <line num="31" count="0" type="cond" truecount="0" falsecount="1"/>
      <line num="32" count="0" type="stmt"/>
      <line num="34" count="0" type="cond" truecount="0" falsecount="1"/>
      <line num="35" count="0" type="stmt"/>
      <line num="37" count="0" type="stmt"/>
      <line num="40" count="2" type="stmt"/>
      <line num="41" count="5" type="stmt"/>
      <line num="42" count="5" type="stmt"/>
      <line num="45" count="2" type="stmt"/>
      <line num="46" count="4" type="stmt"/>
      <line num="47" count="4" type="stmt"/>
      <line num="48" count="4" type="stmt"/>
      <line num="49" count="4" type="stmt"/>
      <line num="50" count="20" type="stmt"/>
      <line num="51" count="25" type="cond" truecount="3" falsecount="0"/>
      <line num="52" count="6" type="cond" truecount="3" falsecount="0"/>
      <line num="53" count="6" type="stmt"/>
      <line num="54" count="6" type="stmt"/>
      <line num="58" count="4" type="stmt"/>
      <line num="61" count="2" type="stmt"/>
      <line num="62" count="2" type="stmt"/>
      <line num="63" count="12" type="stmt"/>
      <line num="64" count="12" type="stmt"/>
      <line num="65" count="12" type="cond" truecount="3" falsecount="1"/>
      <line num="66" count="12" type="stmt"/>
      <line num="68" count="0" type="stmt"/>
    </file>
  </project>
</coverage>
