{"/home/nerfzael/dev/web3api/repos/wrappers-io/serverless/http-gateway/typescript/functions/gateway/src/InMemoryDb.ts": {"path":"/home/nerfzael/dev/web3api/repos/wrappers-io/serverless/http-gateway/typescript/functions/gateway/src/InMemoryDb.ts","statementMap":{"0":{"start":{"line":4,"column":10},"end":{"line":4,"column":58}},"1":{"start":{"line":11,"column":4},"end":{"line":13,"column":null}},"2":{"start":{"line":12,"column":6},"end":{"line":12,"column":28}},"3":{"start":{"line":15,"column":4},"end":{"line":15,"column":55}},"4":{"start":{"line":22,"column":4},"end":{"line":24,"column":null}},"5":{"start":{"line":23,"column":6},"end":{"line":23,"column":23}},"6":{"start":{"line":26,"column":18},"end":{"line":26,"column":44}},"7":{"start":{"line":28,"column":4},"end":{"line":30,"column":null}},"8":{"start":{"line":29,"column":6},"end":{"line":29,"column":23}},"9":{"start":{"line":32,"column":4},"end":{"line":32,"column":37}},"10":{"start":{"line":3,"column":0},"end":{"line":3,"column":13}}},"fnMap":{"0":{"name":"(anonymous_0)","decl":{"start":{"line":3,"column":0},"end":{"line":3,"column":13}},"loc":{"start":{"line":3,"column":0},"end":{"line":34,"column":1}}},"1":{"name":"(anonymous_1)","decl":{"start":{"line":6,"column":2},"end":{"line":6,"column":7}},"loc":{"start":{"line":9,"column":15},"end":{"line":16,"column":3}}},"2":{"name":"(anonymous_2)","decl":{"start":{"line":18,"column":2},"end":{"line":18,"column":7}},"loc":{"start":{"line":20,"column":20},"end":{"line":33,"column":3}}}},"branchMap":{"0":{"loc":{"start":{"line":11,"column":4},"end":{"line":13,"column":null}},"type":"if","locations":[{"start":{"line":11,"column":4},"end":{"line":13,"column":null}}]},"1":{"loc":{"start":{"line":22,"column":4},"end":{"line":24,"column":null}},"type":"if","locations":[{"start":{"line":22,"column":4},"end":{"line":24,"column":null}}]},"2":{"loc":{"start":{"line":28,"column":4},"end":{"line":30,"column":null}},"type":"if","locations":[{"start":{"line":28,"column":4},"end":{"line":30,"column":null}}]}},"s":{"0":5,"1":5,"2":4,"3":5,"4":8,"5":3,"6":5,"7":5,"8":0,"9":5,"10":1},"f":{"0":5,"1":5,"2":8},"b":{"0":[4],"1":[3],"2":[0]}}
,"/home/nerfzael/dev/web3api/repos/wrappers-io/serverless/http-gateway/typescript/functions/gateway/src/InternalServer.ts": {"path":"/home/nerfzael/dev/web3api/repos/wrappers-io/serverless/http-gateway/typescript/functions/gateway/src/InternalServer.ts","statementMap":{"0":{"start":{"line":2,"column":0},"end":{"line":2,"column":34}},"1":{"start":{"line":4,"column":0},"end":{"line":4,"column":51}},"2":{"start":{"line":7,"column":31},"end":{"line":7,"column":45}},"3":{"start":{"line":15,"column":28},"end":{"line":17,"column":16}},"4":{"start":{"line":19,"column":16},"end":{"line":19,"column":40}},"5":{"start":{"line":21,"column":19},"end":{"line":21,"column":68}},"6":{"start":{"line":23,"column":4},"end":{"line":25,"column":null}},"7":{"start":{"line":24,"column":6},"end":{"line":24,"column":20}},"8":{"start":{"line":27,"column":4},"end":{"line":27,"column":65}},"9":{"start":{"line":29,"column":4},"end":{"line":29,"column":53}},"10":{"start":{"line":31,"column":4},"end":{"line":31,"column":48}},"11":{"start":{"line":39,"column":16},"end":{"line":39,"column":40}},"12":{"start":{"line":41,"column":19},"end":{"line":41,"column":74}},"13":{"start":{"line":43,"column":14},"end":{"line":43,"column":23}},"14":{"start":{"line":45,"column":4},"end":{"line":50,"column":null}},"15":{"start":{"line":46,"column":6},"end":{"line":46,"column":46}},"16":{"start":{"line":47,"column":11},"end":{"line":50,"column":null}},"17":{"start":{"line":48,"column":21},"end":{"line":48,"column":43}},"18":{"start":{"line":49,"column":6},"end":{"line":49,"column":42}},"19":{"start":{"line":52,"column":4},"end":{"line":56,"column":null}},"20":{"start":{"line":53,"column":6},"end":{"line":55,"column":8}},"21":{"start":{"line":57,"column":4},"end":{"line":57,"column":30}},"22":{"start":{"line":6,"column":0},"end":{"line":6,"column":13}}},"fnMap":{"0":{"name":"(anonymous_0)","decl":{"start":{"line":7,"column":2},"end":{"line":7,"column":31}},"loc":{"start":{"line":7,"column":45},"end":{"line":7,"column":49}}},"1":{"name":"(anonymous_1)","decl":{"start":{"line":9,"column":2},"end":{"line":9,"column":7}},"loc":{"start":{"line":13,"column":20},"end":{"line":32,"column":3}}},"2":{"name":"(anonymous_2)","decl":{"start":{"line":34,"column":2},"end":{"line":34,"column":7}},"loc":{"start":{"line":37,"column":20},"end":{"line":58,"column":3}}}},"branchMap":{"0":{"loc":{"start":{"line":15,"column":28},"end":{"line":17,"column":16}},"type":"cond-expr","locations":[{"start":{"line":16,"column":8},"end":{"line":16,"column":25}},{"start":{"line":17,"column":8},"end":{"line":17,"column":16}}]},"1":{"loc":{"start":{"line":23,"column":4},"end":{"line":25,"column":null}},"type":"if","locations":[{"start":{"line":23,"column":4},"end":{"line":25,"column":null}}]},"2":{"loc":{"start":{"line":41,"column":19},"end":{"line":41,"column":74}},"type":"cond-expr","locations":[{"start":{"line":41,"column":68},"end":{"line":41,"column":72}},{"start":{"line":41,"column":72},"end":{"line":41,"column":74}}]},"3":{"loc":{"start":{"line":41,"column":19},"end":{"line":41,"column":72}},"type":"binary-expr","locations":[{"start":{"line":41,"column":19},"end":{"line":41,"column":72}},{"start":{"line":41,"column":68},"end":{"line":41,"column":72}}]},"4":{"loc":{"start":{"line":45,"column":4},"end":{"line":50,"column":null}},"type":"if","locations":[{"start":{"line":45,"column":4},"end":{"line":50,"column":null}},{"start":{"line":47,"column":11},"end":{"line":50,"column":null}}]},"5":{"loc":{"start":{"line":45,"column":8},"end":{"line":45,"column":27}},"type":"binary-expr","locations":[{"start":{"line":45,"column":8},"end":{"line":45,"column":15}},{"start":{"line":45,"column":19},"end":{"line":45,"column":27}}]},"6":{"loc":{"start":{"line":46,"column":12},"end":{"line":46,"column":45}},"type":"cond-expr","locations":[{"start":{"line":46,"column":40},"end":{"line":46,"column":42}},{"start":{"line":46,"column":40},"end":{"line":46,"column":45}}]},"7":{"loc":{"start":{"line":46,"column":12},"end":{"line":46,"column":42}},"type":"binary-expr","locations":[{"start":{"line":46,"column":12},"end":{"line":46,"column":42}},{"start":{"line":46,"column":40},"end":{"line":46,"column":42}}]},"8":{"loc":{"start":{"line":47,"column":11},"end":{"line":50,"column":null}},"type":"if","locations":[{"start":{"line":47,"column":11},"end":{"line":50,"column":null}}]},"9":{"loc":{"start":{"line":47,"column":15},"end":{"line":47,"column":46}},"type":"binary-expr","locations":[{"start":{"line":47,"column":15},"end":{"line":47,"column":23}},{"start":{"line":47,"column":27},"end":{"line":47,"column":46}}]},"10":{"loc":{"start":{"line":52,"column":4},"end":{"line":56,"column":null}},"type":"if","locations":[{"start":{"line":52,"column":4},"end":{"line":56,"column":null}}]}},"s":{"0":1,"1":1,"2":5,"3":3,"4":3,"5":3,"6":3,"7":2,"8":3,"9":3,"10":3,"11":3,"12":3,"13":3,"14":3,"15":1,"16":2,"17":1,"18":1,"19":3,"20":1,"21":2,"22":1},"f":{"0":5,"1":3,"2":3},"b":{"0":[3,0],"1":[2],"2":[2,1],"3":[3,3],"4":[1,2],"5":[3,1],"6":[0,1],"7":[1,1],"8":[1],"9":[2,2],"10":[1]}}
,"/home/nerfzael/dev/web3api/repos/wrappers-io/serverless/http-gateway/typescript/functions/gateway/src/Status.ts": {"path":"/home/nerfzael/dev/web3api/repos/wrappers-io/serverless/http-gateway/typescript/functions/gateway/src/Status.ts","statementMap":{"0":{"start":{"line":4,"column":4},"end":{"line":7,"column":6}},"1":{"start":{"line":11,"column":4},"end":{"line":14,"column":6}},"2":{"start":{"line":18,"column":4},"end":{"line":20,"column":6}},"3":{"start":{"line":2,"column":0},"end":{"line":2,"column":13}}},"fnMap":{"0":{"name":"(anonymous_0)","decl":{"start":{"line":3,"column":2},"end":{"line":3,"column":8}},"loc":{"start":{"line":3,"column":30},"end":{"line":8,"column":3}}},"1":{"name":"(anonymous_1)","decl":{"start":{"line":10,"column":2},"end":{"line":10,"column":8}},"loc":{"start":{"line":10,"column":36},"end":{"line":15,"column":3}}},"2":{"name":"(anonymous_2)","decl":{"start":{"line":17,"column":2},"end":{"line":17,"column":8}},"loc":{"start":{"line":17,"column":17},"end":{"line":21,"column":3}}}},"branchMap":{},"s":{"0":5,"1":0,"2":0,"3":1},"f":{"0":5,"1":0,"2":0},"b":{}}
,"/home/nerfzael/dev/web3api/repos/wrappers-io/serverless/http-gateway/typescript/functions/gateway/src/semver.ts": {"path":"/home/nerfzael/dev/web3api/repos/wrappers-io/serverless/http-gateway/typescript/functions/gateway/src/semver.ts","statementMap":{"0":{"start":{"line":8,"column":16},"end":{"line":8,"column":137}},"1":{"start":{"line":9,"column":2},"end":{"line":11,"column":null}},"2":{"start":{"line":10,"column":4},"end":{"line":10,"column":16}},"3":{"start":{"line":12,"column":71},"end":{"line":12,"column":76}},"4":{"start":{"line":13,"column":2},"end":{"line":19,"column":4}},"5":{"start":{"line":23,"column":2},"end":{"line":27,"column":null}},"6":{"start":{"line":23,"column":15},"end":{"line":23,"column":16}},"7":{"start":{"line":24,"column":4},"end":{"line":26,"column":null}},"8":{"start":{"line":25,"column":6},"end":{"line":25,"column":49}},"9":{"start":{"line":28,"column":2},"end":{"line":30,"column":null}},"10":{"start":{"line":29,"column":4},"end":{"line":29,"column":13}},"11":{"start":{"line":31,"column":2},"end":{"line":33,"column":null}},"12":{"start":{"line":32,"column":4},"end":{"line":32,"column":13}},"13":{"start":{"line":34,"column":2},"end":{"line":36,"column":null}},"14":{"start":{"line":35,"column":4},"end":{"line":35,"column":14}},"15":{"start":{"line":37,"column":2},"end":{"line":37,"column":34}},"16":{"start":{"line":41,"column":17},"end":{"line":41,"column":42}},"17":{"start":{"line":42,"column":2},"end":{"line":42,"column":25}},"18":{"start":{"line":40,"column":0},"end":{"line":40,"column":16}},"19":{"start":{"line":46,"column":23},"end":{"line":46,"column":53}},"20":{"start":{"line":47,"column":30},"end":{"line":47,"column":34}},"21":{"start":{"line":48,"column":32},"end":{"line":48,"column":36}},"22":{"start":{"line":49,"column":2},"end":{"line":57,"column":null}},"23":{"start":{"line":50,"column":19},"end":{"line":50,"column":44}},"24":{"start":{"line":51,"column":4},"end":{"line":56,"column":null}},"25":{"start":{"line":51,"column":82},"end":{"line":51,"column":105}},"26":{"start":{"line":52,"column":6},"end":{"line":55,"column":null}},"27":{"start":{"line":53,"column":8},"end":{"line":53,"column":24}},"28":{"start":{"line":54,"column":8},"end":{"line":54,"column":32}},"29":{"start":{"line":58,"column":2},"end":{"line":58,"column":23}},"30":{"start":{"line":45,"column":0},"end":{"line":45,"column":16}},"31":{"start":{"line":62,"column":2},"end":{"line":70,"column":null}},"32":{"start":{"line":63,"column":20},"end":{"line":63,"column":39}},"33":{"start":{"line":64,"column":20},"end":{"line":64,"column":39}},"34":{"start":{"line":65,"column":4},"end":{"line":69,"column":null}},"35":{"start":{"line":66,"column":6},"end":{"line":66,"column":45}},"36":{"start":{"line":68,"column":6},"end":{"line":68,"column":15}},"37":{"start":{"line":61,"column":0},"end":{"line":61,"column":16}}},"fnMap":{"0":{"name":"parseSemVer","decl":{"start":{"line":7,"column":9},"end":{"line":7,"column":20}},"loc":{"start":{"line":7,"column":36},"end":{"line":20,"column":1}}},"1":{"name":"compareSemVer","decl":{"start":{"line":22,"column":9},"end":{"line":22,"column":22}},"loc":{"start":{"line":22,"column":43},"end":{"line":38,"column":1}}},"2":{"name":"verify","decl":{"start":{"line":40,"column":16},"end":{"line":40,"column":22}},"loc":{"start":{"line":40,"column":53},"end":{"line":43,"column":1}}},"3":{"name":"getLatest","decl":{"start":{"line":45,"column":16},"end":{"line":45,"column":25}},"loc":{"start":{"line":45,"column":76},"end":{"line":59,"column":1}}},"4":{"name":"(anonymous_4)","decl":{"start":{"line":51,"column":70},"end":{"line":51,"column":71}},"loc":{"start":{"line":51,"column":82},"end":{"line":51,"column":105}}},"5":{"name":"sortVersions","decl":{"start":{"line":61,"column":16},"end":{"line":61,"column":28}},"loc":{"start":{"line":61,"column":62},"end":{"line":71,"column":1}}},"6":{"name":"(anonymous_6)","decl":{"start":{"line":62,"column":23},"end":{"line":62,"column":24}},"loc":{"start":{"line":62,"column":32},"end":{"line":70,"column":3}}}},"branchMap":{"0":{"loc":{"start":{"line":9,"column":2},"end":{"line":11,"column":null}},"type":"if","locations":[{"start":{"line":9,"column":2},"end":{"line":11,"column":null}}]},"1":{"loc":{"start":{"line":12,"column":32},"end":{"line":12,"column":47}},"type":"default-arg","locations":[{"start":{"line":12,"column":45},"end":{"line":12,"column":47}}]},"2":{"loc":{"start":{"line":12,"column":49},"end":{"line":12,"column":67}},"type":"default-arg","locations":[{"start":{"line":12,"column":65},"end":{"line":12,"column":67}}]},"3":{"loc":{"start":{"line":24,"column":4},"end":{"line":26,"column":null}},"type":"if","locations":[{"start":{"line":24,"column":4},"end":{"line":26,"column":null}}]},"4":{"loc":{"start":{"line":28,"column":2},"end":{"line":30,"column":null}},"type":"if","locations":[{"start":{"line":28,"column":2},"end":{"line":30,"column":null}}]},"5":{"loc":{"start":{"line":31,"column":2},"end":{"line":33,"column":null}},"type":"if","locations":[{"start":{"line":31,"column":2},"end":{"line":33,"column":null}}]},"6":{"loc":{"start":{"line":34,"column":2},"end":{"line":36,"column":null}},"type":"if","locations":[{"start":{"line":34,"column":2},"end":{"line":36,"column":null}}]},"7":{"loc":{"start":{"line":51,"column":4},"end":{"line":56,"column":null}},"type":"if","locations":[{"start":{"line":51,"column":4},"end":{"line":56,"column":null}}]},"8":{"loc":{"start":{"line":51,"column":8},"end":{"line":51,"column":106}},"type":"binary-expr","locations":[{"start":{"line":51,"column":8},"end":{"line":51,"column":23}},{"start":{"line":51,"column":27},"end":{"line":51,"column":106}}]},"9":{"loc":{"start":{"line":52,"column":6},"end":{"line":55,"column":null}},"type":"if","locations":[{"start":{"line":52,"column":6},"end":{"line":55,"column":null}}]},"10":{"loc":{"start":{"line":52,"column":10},"end":{"line":52,"column":62}},"type":"binary-expr","locations":[{"start":{"line":52,"column":10},"end":{"line":52,"column":25}},{"start":{"line":52,"column":29},"end":{"line":52,"column":62}}]},"11":{"loc":{"start":{"line":65,"column":4},"end":{"line":69,"column":null}},"type":"if","locations":[{"start":{"line":65,"column":4},"end":{"line":69,"column":null}},{"start":{"line":67,"column":11},"end":{"line":69,"column":null}}]},"12":{"loc":{"start":{"line":65,"column":8},"end":{"line":65,"column":26}},"type":"binary-expr","locations":[{"start":{"line":65,"column":8},"end":{"line":65,"column":15}},{"start":{"line":65,"column":19},"end":{"line":65,"column":26}}]}},"s":{"0":49,"1":49,"2":2,"3":47,"4":47,"5":15,"6":15,"7":25,"8":15,"9":0,"10":0,"11":0,"12":0,"13":0,"14":0,"15":0,"16":5,"17":5,"18":2,"19":4,"20":4,"21":4,"22":4,"23":20,"24":20,"25":25,"26":6,"27":6,"28":6,"29":4,"30":2,"31":2,"32":12,"33":12,"34":12,"35":12,"36":0,"37":2},"f":{"0":49,"1":15,"2":5,"3":4,"4":25,"5":2,"6":12},"b":{"0":[2],"1":[45],"2":[47],"3":[15],"4":[0],"5":[0],"6":[0],"7":[6],"8":[20,20],"9":[6],"10":[6,3],"11":[12,0],"12":[12,12]}}
}
