TN:
SF:src/InMemoryDb.ts
FN:3,(anonymous_0)
FN:6,(anonymous_1)
FN:18,(anonymous_2)
FNF:3
FNH:3
FNDA:5,(anonymous_0)
FNDA:5,(anonymous_1)
FNDA:8,(anonymous_2)
DA:3,1
DA:4,5
DA:11,5
DA:12,4
DA:15,5
DA:22,8
DA:23,3
DA:26,5
DA:28,5
DA:29,0
DA:32,5
LF:11
LH:10
BRDA:11,0,0,4
BRDA:22,1,0,3
BRDA:28,2,0,0
BRF:3
BRH:2
end_of_record
TN:
SF:src/InternalServer.ts
FN:7,(anonymous_0)
FN:9,(anonymous_1)
FN:34,(anonymous_2)
FNF:3
FNH:3
FNDA:5,(anonymous_0)
FNDA:3,(anonymous_1)
FNDA:3,(anonymous_2)
DA:2,1
DA:4,1
DA:6,1
DA:7,5
DA:15,3
DA:19,3
DA:21,3
DA:23,3
DA:24,2
DA:27,3
DA:29,3
DA:31,3
DA:39,3
DA:41,3
DA:43,3
DA:45,3
DA:46,1
DA:47,2
DA:48,1
DA:49,1
DA:52,3
DA:53,1
DA:57,2
LF:23
LH:23
BRDA:15,0,0,3
BRDA:15,0,1,0
BRDA:23,1,0,2
BRDA:41,2,0,2
BRDA:41,2,1,1
BRDA:41,3,0,3
BRDA:41,3,1,3
BRDA:45,4,0,1
BRDA:45,4,1,2
BRDA:45,5,0,3
BRDA:45,5,1,1
BRDA:46,6,0,0
BRDA:46,6,1,1
BRDA:46,7,0,1
BRDA:46,7,1,1
BRDA:47,8,0,1
BRDA:47,9,0,2
BRDA:47,9,1,2
BRDA:52,10,0,1
BRF:19
BRH:17
end_of_record
TN:
SF:src/Status.ts
FN:3,(anonymous_0)
FN:10,(anonymous_1)
FN:17,(anonymous_2)
FNF:3
FNH:1
FNDA:5,(anonymous_0)
FNDA:0,(anonymous_1)
FNDA:0,(anonymous_2)
DA:2,1
DA:4,5
DA:11,0
DA:18,0
LF:4
LH:2
BRF:0
BRH:0
end_of_record
TN:
SF:src/semver.ts
FN:7,parseSemVer
FN:22,compareSemVer
FN:40,verify
FN:45,getLatest
FN:51,(anonymous_4)
FN:61,sortVersions
FN:62,(anonymous_6)
FNF:7
FNH:7
FNDA:49,parseSemVer
FNDA:15,compareSemVer
FNDA:5,verify
FNDA:4,getLatest
FNDA:25,(anonymous_4)
FNDA:2,sortVersions
FNDA:12,(anonymous_6)
DA:8,49
DA:9,49
DA:10,2
DA:12,47
DA:13,47
DA:23,15
DA:24,25
DA:25,15
DA:28,0
DA:29,0
DA:31,0
DA:32,0
DA:34,0
DA:35,0
DA:37,0
DA:40,2
DA:41,5
DA:42,5
DA:45,2
DA:46,4
DA:47,4
DA:48,4
DA:49,4
DA:50,20
DA:51,25
DA:52,6
DA:53,6
DA:54,6
DA:58,4
DA:61,2
DA:62,2
DA:63,12
DA:64,12
DA:65,12
DA:66,12
DA:68,0
LF:36
LH:28
BRDA:9,0,0,2
BRDA:12,1,0,45
BRDA:12,2,0,47
BRDA:24,3,0,15
BRDA:28,4,0,0
BRDA:31,5,0,0
BRDA:34,6,0,0
BRDA:51,7,0,6
BRDA:51,8,0,20
BRDA:51,8,1,20
BRDA:52,9,0,6
BRDA:52,10,0,6
BRDA:52,10,1,3
BRDA:65,11,0,12
BRDA:65,11,1,0
BRDA:65,12,0,12
BRDA:65,12,1,12
BRF:17
BRH:13
end_of_record
